<?xml version="1.0" encoding="UTF-8"?>
<robot generator="Robot 7.0 (Python 3.12.2 on win32)" generated="2024-03-14T16:56:03.987640" rpa="false" schemaversion="5">
<suite id="s1" name="Google Search" source="D:\027\Robot Framwork 2nd\google_search.robot">
<test id="s1-t1" name="Search Google and Verify Results" line="12">
<kw name="Open Google">
<kw name="Open Browser" owner="SeleniumLibrary">
<msg time="2024-03-14T16:56:04.160672" level="INFO">Opening browser 'Chrome' to base url 'https://www.google.com'.</msg>
<arg>https://www.google.com</arg>
<arg>${BROWSER}</arg>
<doc>Opens a new browser instance to the optional ``url``.</doc>
<status status="PASS" start="2024-03-14T16:56:04.160672" elapsed="59.466926"/>
</kw>
<status status="PASS" start="2024-03-14T16:56:04.159705" elapsed="59.467893"/>
</kw>
<kw name="Input Search Term">
<kw name="Input Text" owner="SeleniumLibrary">
<msg time="2024-03-14T16:57:03.628595" level="INFO">Typing text 'robot framework' into text field 'name=q'.</msg>
<arg>name=q</arg>
<arg>${SEARCH_TERM}</arg>
<doc>Types the given ``text`` into the text field identified by ``locator``.</doc>
<status status="PASS" start="2024-03-14T16:57:03.628595" elapsed="0.072807"/>
</kw>
<status status="PASS" start="2024-03-14T16:57:03.628595" elapsed="0.072807"/>
</kw>
<kw name="Press Enter Google Search">
<kw name="Press Keys" owner="SeleniumLibrary">
<msg time="2024-03-14T16:57:03.702398" level="INFO">Sending key(s) ('ENTER',) to name=q element.</msg>
<msg time="2024-03-14T16:57:03.993308" level="INFO">Pressing special key ENTER to element.</msg>
<msg time="2024-03-14T16:57:03.993308" level="INFO">Releasing special key ENTER.</msg>
<arg>name=q</arg>
<arg>ENTER</arg>
<doc>Simulates the user pressing key(s) to an element or on the active browser.</doc>
<status status="PASS" start="2024-03-14T16:57:03.702398" elapsed="1.095813"/>
</kw>
<status status="PASS" start="2024-03-14T16:57:03.702398" elapsed="1.095813"/>
</kw>
<kw name="Verify Search Results">
<kw name="Wait Until Page Contains" owner="SeleniumLibrary">
<arg>${SEARCH_RESULT}</arg>
<doc>Waits until ``text`` appears on the current page.</doc>
<status status="PASS" start="2024-03-14T16:57:04.799208" elapsed="0.017951"/>
</kw>
<kw name="Page Should Contain" owner="SeleniumLibrary">
<msg time="2024-03-14T16:57:04.860047" level="INFO">Current page contains text 'robot framework'.</msg>
<arg>${SEARCH_RESULT}</arg>
<doc>Verifies that current page contains ``text``.</doc>
<status status="PASS" start="2024-03-14T16:57:04.817159" elapsed="0.042888"/>
</kw>
<status status="PASS" start="2024-03-14T16:57:04.799208" elapsed="0.060839"/>
</kw>
<kw name="Close Browser" owner="SeleniumLibrary">
<doc>Closes the current browser.</doc>
<status status="PASS" start="2024-03-14T16:57:04.861045" elapsed="2.143464"/>
</kw>
<doc>Test case to search Google and verify results</doc>
<status status="PASS" start="2024-03-14T16:56:04.158678" elapsed="62.846637"/>
</test>
<status status="PASS" start="2024-03-14T16:56:03.989595" elapsed="63.017073"/>
</suite>
<statistics>
<total>
<stat pass="1" fail="0" skip="0">All Tests</stat>
</total>
<tag>
</tag>
<suite>
<stat pass="1" fail="0" skip="0" id="s1" name="Google Search">Google Search</stat>
</suite>
</statistics>
<errors>
</errors>
</robot>
